<?xml version="1.0" encoding="UTF-8"?>
<testng-results ignored="0" total="1" passed="1" failed="0" skipped="0">
  <reporter-output>
  </reporter-output>
  <suite started-at="2024-04-19T15:16:15 IST" name="Default suite" finished-at="2024-04-19T15:16:42 IST" duration-ms="26876">
    <groups>
    </groups>
    <test started-at="2024-04-19T15:16:15 IST" name="Default test" finished-at="2024-04-19T15:16:42 IST" duration-ms="26876">
      <class name="Deno.Rest">
        <test-method is-config="true" signature="test()[pri:0, instance:Deno.Rest@485966cc]" started-at="2024-04-19T15:16:15 IST" name="test" finished-at="2024-04-19T15:16:41 IST" duration-ms="25752" status="PASS">
          <reporter-output>
          </reporter-output>
        </test-method> <!-- test -->
        <test-method signature="test3()[pri:0, instance:Deno.Rest@485966cc]" started-at="2024-04-19T15:16:41 IST" name="test3" finished-at="2024-04-19T15:16:42 IST" duration-ms="1009" status="PASS">
          <reporter-output>
          </reporter-output>
        </test-method> <!-- test3 -->
      </class> <!-- Deno.Rest -->
    </test> <!-- Default test -->
  </suite> <!-- Default suite -->
</testng-results>
